[23:18:16]-[__main__]-[ERROR]: KEY_LEFT
[23:18:16]-[__main__]-[ERROR]: 0
[23:18:17]-[__main__]-[ERROR]: KEY_RIGHT
[23:18:17]-[__main__]-[ERROR]: 2
[23:18:20]-[__main__]-[ERROR]: KEY_RIGHT
[23:18:20]-[__main__]-[ERROR]: 3
[23:18:20]-[__main__]-[ERROR]: KEY_RIGHT
[23:18:20]-[__main__]-[ERROR]: 4
[23:18:21]-[__main__]-[ERROR]: KEY_RIGHT
[23:18:21]-[__main__]-[ERROR]: 5
[23:18:21]-[__main__]-[ERROR]: KEY_RIGHT
[23:18:21]-[__main__]-[ERROR]: 6
[23:18:22]-[__main__]-[ERROR]: KEY_RIGHT
[23:18:22]-[__main__]-[ERROR]: 7
[23:18:23]-[__main__]-[ERROR]: KEY_LEFT
[23:18:23]-[__main__]-[ERROR]: 6
[23:18:23]-[__main__]-[ERROR]: KEY_RIGHT
[23:18:23]-[__main__]-[ERROR]: 7
[23:18:24]-[__main__]-[ERROR]: KEY_RIGHT
[23:18:24]-[__main__]-[ERROR]: 8
[23:18:26]-[__main__]-[ERROR]: KEY_RIGHT
[23:18:26]-[__main__]-[ERROR]: 8
[23:18:27]-[__main__]-[ERROR]: KEY_RIGHT
[23:18:27]-[__main__]-[ERROR]: 8
[23:18:27]-[__main__]-[ERROR]: KEY_RIGHT
[23:18:27]-[__main__]-[ERROR]: 8
[23:18:27]-[__main__]-[ERROR]: KEY_LEFT
[23:18:27]-[__main__]-[ERROR]: 6
[23:18:28]-[__main__]-[ERROR]: KEY_LEFT
[23:18:28]-[__main__]-[ERROR]: 5
[23:18:28]-[__main__]-[ERROR]: KEY_LEFT
[23:18:28]-[__main__]-[ERROR]: 4
[23:18:29]-[__main__]-[ERROR]: KEY_LEFT
[23:18:29]-[__main__]-[ERROR]: 3
[23:18:29]-[__main__]-[ERROR]: KEY_LEFT
[23:18:29]-[__main__]-[ERROR]: 2
[23:18:29]-[__main__]-[ERROR]: KEY_LEFT
[23:18:29]-[__main__]-[ERROR]: 1
[23:18:29]-[__main__]-[ERROR]: KEY_LEFT
[23:18:29]-[__main__]-[ERROR]: 1
[23:18:30]-[__main__]-[ERROR]: KEY_LEFT
[23:18:30]-[__main__]-[ERROR]: 1
[23:19:13]-[__main__]-[ERROR]: KEY_RIGHT
[23:19:13]-[__main__]-[ERROR]: 2
[23:19:14]-[__main__]-[ERROR]: KEY_LEFT
[23:19:14]-[__main__]-[ERROR]: 1
[23:19:14]-[__main__]-[ERROR]: KEY_RIGHT
[23:19:14]-[__main__]-[ERROR]: 2
[23:19:16]-[__main__]-[ERROR]: KEY_RIGHT
[23:19:16]-[__main__]-[ERROR]: 3
[23:19:17]-[__main__]-[ERROR]: KEY_RIGHT
[23:19:17]-[__main__]-[ERROR]: 4
[23:19:19]-[__main__]-[ERROR]: KEY_LEFT
[23:19:19]-[__main__]-[ERROR]: 3
[23:19:19]-[__main__]-[ERROR]: KEY_LEFT
[23:19:19]-[__main__]-[ERROR]: 2
[23:19:20]-[__main__]-[ERROR]: KEY_LEFT
[23:19:20]-[__main__]-[ERROR]: 1
[23:19:20]-[__main__]-[ERROR]: KEY_LEFT
[23:19:20]-[__main__]-[ERROR]: 0
[23:19:22]-[__main__]-[ERROR]: KEY_RIGHT
[23:19:22]-[__main__]-[ERROR]: 2
[23:19:22]-[__main__]-[ERROR]: KEY_RIGHT
[23:19:22]-[__main__]-[ERROR]: 3
[23:19:23]-[__main__]-[ERROR]: KEY_RIGHT
[23:19:23]-[__main__]-[ERROR]: 4
[23:19:23]-[__main__]-[ERROR]: KEY_RIGHT
[23:19:23]-[__main__]-[ERROR]: 5
[23:19:23]-[__main__]-[ERROR]: KEY_RIGHT
[23:19:23]-[__main__]-[ERROR]: 6
[23:19:23]-[__main__]-[ERROR]: KEY_RIGHT
[23:19:23]-[__main__]-[ERROR]: 7
[23:19:24]-[__main__]-[ERROR]: KEY_RIGHT
[23:19:24]-[__main__]-[ERROR]: 8
[23:19:24]-[__main__]-[ERROR]: KEY_LEFT
[23:19:24]-[__main__]-[ERROR]: 6
[23:19:24]-[__main__]-[ERROR]: KEY_LEFT
[23:19:24]-[__main__]-[ERROR]: 5
[23:19:24]-[__main__]-[ERROR]: KEY_LEFT
[23:19:24]-[__main__]-[ERROR]: 4
[23:19:25]-[__main__]-[ERROR]: KEY_LEFT
[23:19:25]-[__main__]-[ERROR]: 3
[23:19:25]-[__main__]-[ERROR]: KEY_LEFT
[23:19:25]-[__main__]-[ERROR]: 2
[23:19:25]-[__main__]-[ERROR]: KEY_LEFT
[23:19:25]-[__main__]-[ERROR]: 1
[23:19:55]-[__main__]-[ERROR]: q
[23:19:57]-[__main__]-[ERROR]: KEY_LEFT
[23:19:57]-[__main__]-[ERROR]: 0
[23:19:58]-[__main__]-[ERROR]: KEY_RIGHT
[23:19:58]-[__main__]-[ERROR]: 1
[23:19:58]-[__main__]-[ERROR]: KEY_LEFT
[23:19:58]-[__main__]-[ERROR]: 0
[23:19:59]-[__main__]-[ERROR]: KEY_RIGHT
[23:19:59]-[__main__]-[ERROR]: 1
[23:19:59]-[__main__]-[ERROR]: KEY_LEFT
[23:19:59]-[__main__]-[ERROR]: 0
[23:20:00]-[__main__]-[ERROR]: KEY_RIGHT
[23:20:00]-[__main__]-[ERROR]: 1
[23:20:00]-[__main__]-[ERROR]: KEY_RIGHT
[23:20:00]-[__main__]-[ERROR]: 2
[23:20:01]-[__main__]-[ERROR]: KEY_RIGHT
[23:20:01]-[__main__]-[ERROR]: 3
[23:20:01]-[__main__]-[ERROR]: KEY_RIGHT
[23:20:01]-[__main__]-[ERROR]: 4
[23:20:01]-[__main__]-[ERROR]: KEY_RIGHT
[23:20:01]-[__main__]-[ERROR]: 5
[23:20:02]-[__main__]-[ERROR]: KEY_RIGHT
[23:20:02]-[__main__]-[ERROR]: 6
[23:20:02]-[__main__]-[ERROR]: KEY_RIGHT
[23:20:02]-[__main__]-[ERROR]: 7
[23:20:02]-[__main__]-[ERROR]: KEY_RIGHT
[23:20:02]-[__main__]-[ERROR]: 8
[23:20:02]-[__main__]-[ERROR]: KEY_RIGHT
[23:20:02]-[__main__]-[ERROR]: 8
[23:20:03]-[__main__]-[ERROR]: KEY_LEFT
[23:20:03]-[__main__]-[ERROR]: 6
[23:20:03]-[__main__]-[ERROR]: KEY_RIGHT
[23:20:03]-[__main__]-[ERROR]: 7
[23:20:03]-[__main__]-[ERROR]: KEY_LEFT
[23:20:03]-[__main__]-[ERROR]: 6
[23:20:04]-[__main__]-[ERROR]: KEY_RIGHT
[23:20:04]-[__main__]-[ERROR]: 7
[23:20:04]-[__main__]-[ERROR]: KEY_LEFT
[23:20:04]-[__main__]-[ERROR]: 6
[23:20:04]-[__main__]-[ERROR]: KEY_LEFT
[23:20:04]-[__main__]-[ERROR]: 5
[23:20:05]-[__main__]-[ERROR]: KEY_LEFT
[23:20:05]-[__main__]-[ERROR]: 4
[23:20:05]-[__main__]-[ERROR]: KEY_LEFT
[23:20:05]-[__main__]-[ERROR]: 3
[23:20:05]-[__main__]-[ERROR]: KEY_LEFT
[23:20:05]-[__main__]-[ERROR]: 2
[23:20:05]-[__main__]-[ERROR]: KEY_LEFT
[23:20:05]-[__main__]-[ERROR]: 1
[23:20:05]-[__main__]-[ERROR]: KEY_LEFT
[23:20:05]-[__main__]-[ERROR]: 0
[23:20:05]-[__main__]-[ERROR]: KEY_LEFT
[23:20:06]-[__main__]-[ERROR]: -1
[23:20:06]-[__main__]-[ERROR]: KEY_RIGHT
[23:20:06]-[__main__]-[ERROR]: 1
[23:20:06]-[__main__]-[ERROR]: KEY_RIGHT
[23:20:06]-[__main__]-[ERROR]: 2
[23:20:06]-[__main__]-[ERROR]: KEY_RIGHT
[23:20:06]-[__main__]-[ERROR]: 3
[23:20:06]-[__main__]-[ERROR]: KEY_RIGHT
[23:20:06]-[__main__]-[ERROR]: 4
[23:20:07]-[__main__]-[ERROR]: KEY_RIGHT
[23:20:07]-[__main__]-[ERROR]: 5
[23:20:07]-[__main__]-[ERROR]: KEY_RIGHT
[23:20:07]-[__main__]-[ERROR]: 6
[23:20:07]-[__main__]-[ERROR]: KEY_RIGHT
[23:20:07]-[__main__]-[ERROR]: 7
[23:20:07]-[__main__]-[ERROR]: KEY_RIGHT
[23:20:07]-[__main__]-[ERROR]: 8
[23:20:08]-[__main__]-[ERROR]: KEY_LEFT
[23:20:08]-[__main__]-[ERROR]: 6
[23:20:08]-[__main__]-[ERROR]: KEY_LEFT
[23:20:08]-[__main__]-[ERROR]: 5
[23:20:08]-[__main__]-[ERROR]: KEY_LEFT
[23:20:08]-[__main__]-[ERROR]: 4
[23:20:08]-[__main__]-[ERROR]: KEY_LEFT
[23:20:08]-[__main__]-[ERROR]: 3
[23:20:08]-[__main__]-[ERROR]: KEY_LEFT
[23:20:08]-[__main__]-[ERROR]: 2
[23:20:08]-[__main__]-[ERROR]: KEY_LEFT
[23:20:08]-[__main__]-[ERROR]: 1
[23:20:09]-[__main__]-[ERROR]: KEY_RIGHT
[23:20:09]-[__main__]-[ERROR]: 2
[23:20:09]-[__main__]-[ERROR]: KEY_RIGHT
[23:20:09]-[__main__]-[ERROR]: 3
[23:20:09]-[__main__]-[ERROR]: KEY_LEFT
[23:20:09]-[__main__]-[ERROR]: 2
[23:20:09]-[__main__]-[ERROR]: KEY_RIGHT
[23:20:09]-[__main__]-[ERROR]: 3
[23:20:10]-[__main__]-[ERROR]: KEY_LEFT
[23:20:10]-[__main__]-[ERROR]: 2
[23:20:10]-[__main__]-[ERROR]: KEY_RIGHT
[23:20:10]-[__main__]-[ERROR]: 3
[23:20:10]-[__main__]-[ERROR]: KEY_LEFT
[23:20:10]-[__main__]-[ERROR]: 2
[23:20:10]-[__main__]-[ERROR]: KEY_RIGHT
[23:20:10]-[__main__]-[ERROR]: 3
[23:20:10]-[__main__]-[ERROR]: KEY_LEFT
[23:20:10]-[__main__]-[ERROR]: 2
[23:20:10]-[__main__]-[ERROR]: KEY_RIGHT
[23:20:10]-[__main__]-[ERROR]: 3
[23:20:10]-[__main__]-[ERROR]: KEY_LEFT
[23:20:10]-[__main__]-[ERROR]: 2
[23:20:10]-[__main__]-[ERROR]: KEY_RIGHT
[23:20:10]-[__main__]-[ERROR]: 3
[23:20:10]-[__main__]-[ERROR]: KEY_LEFT
[23:20:10]-[__main__]-[ERROR]: 2
[23:20:10]-[__main__]-[ERROR]: KEY_RIGHT
[23:20:10]-[__main__]-[ERROR]: 3
[23:20:11]-[__main__]-[ERROR]: KEY_LEFT
[23:20:11]-[__main__]-[ERROR]: 2
[23:20:19]-[__main__]-[ERROR]: KEY_LEFT
[23:20:19]-[__main__]-[ERROR]: 1
[23:20:20]-[__main__]-[ERROR]: KEY_LEFT
[23:20:20]-[__main__]-[ERROR]: 0
[23:20:20]-[__main__]-[ERROR]: KEY_RIGHT
[23:20:20]-[__main__]-[ERROR]: 1
[23:20:20]-[__main__]-[ERROR]: KEY_LEFT
[23:20:20]-[__main__]-[ERROR]: 0
[23:20:21]-[__main__]-[ERROR]: KEY_RIGHT
[23:20:21]-[__main__]-[ERROR]: 1
[23:20:22]-[__main__]-[ERROR]: KEY_RIGHT
[23:20:22]-[__main__]-[ERROR]: 2
[23:20:22]-[__main__]-[ERROR]: KEY_RIGHT
[23:20:22]-[__main__]-[ERROR]: 3
[23:20:23]-[__main__]-[ERROR]: KEY_RIGHT
[23:20:23]-[__main__]-[ERROR]: 4
[23:20:23]-[__main__]-[ERROR]: KEY_RIGHT
[23:20:23]-[__main__]-[ERROR]: 5
[23:20:23]-[__main__]-[ERROR]: KEY_RIGHT
[23:20:23]-[__main__]-[ERROR]: 6
[23:20:24]-[__main__]-[ERROR]: KEY_RIGHT
[23:20:24]-[__main__]-[ERROR]: 7
[23:20:24]-[__main__]-[ERROR]: KEY_RIGHT
[23:20:24]-[__main__]-[ERROR]: 8
[23:20:24]-[__main__]-[ERROR]: KEY_RIGHT
[23:20:24]-[__main__]-[ERROR]: 8
[23:20:24]-[__main__]-[ERROR]: KEY_RIGHT
[23:20:24]-[__main__]-[ERROR]: 8
[23:20:28]-[__main__]-[ERROR]: q
[23:31:52]-[RadioInterface]-[ERROR]: KEY_RIGHT
[23:31:52]-[RadioInterface]-[ERROR]: 2
[23:31:54]-[RadioInterface]-[ERROR]: KEY_RIGHT
[23:31:54]-[RadioInterface]-[ERROR]: 3
[23:31:54]-[RadioInterface]-[ERROR]: KEY_LEFT
[23:31:54]-[RadioInterface]-[ERROR]: 2
[23:31:54]-[RadioInterface]-[ERROR]: KEY_LEFT
[23:31:54]-[RadioInterface]-[ERROR]: 1
[23:31:55]-[RadioInterface]-[ERROR]: KEY_LEFT
[23:31:55]-[RadioInterface]-[ERROR]: 0
[23:31:56]-[RadioInterface]-[ERROR]: KEY_LEFT
[23:31:56]-[RadioInterface]-[ERROR]: -1
[23:31:56]-[RadioInterface]-[ERROR]: KEY_RIGHT
[23:31:56]-[RadioInterface]-[ERROR]: 1
[23:31:56]-[RadioInterface]-[ERROR]: KEY_RIGHT
[23:31:56]-[RadioInterface]-[ERROR]: 2
[23:31:56]-[RadioInterface]-[ERROR]: KEY_RIGHT
[23:31:56]-[RadioInterface]-[ERROR]: 3
[23:31:56]-[RadioInterface]-[ERROR]: KEY_RIGHT
[23:31:56]-[RadioInterface]-[ERROR]: 4
[23:31:56]-[RadioInterface]-[ERROR]: KEY_RIGHT
[23:31:56]-[RadioInterface]-[ERROR]: 5
[23:31:57]-[RadioInterface]-[ERROR]: KEY_RIGHT
[23:31:57]-[RadioInterface]-[ERROR]: 6
[23:31:57]-[RadioInterface]-[ERROR]: KEY_RIGHT
[23:31:57]-[RadioInterface]-[ERROR]: 7
[23:31:57]-[RadioInterface]-[ERROR]: KEY_RIGHT
[23:31:57]-[RadioInterface]-[ERROR]: 8
[23:31:57]-[RadioInterface]-[ERROR]: KEY_RIGHT
[23:31:57]-[RadioInterface]-[ERROR]: 8
[23:31:57]-[RadioInterface]-[ERROR]: KEY_LEFT
[23:31:57]-[RadioInterface]-[ERROR]: 6
[23:31:58]-[RadioInterface]-[ERROR]: KEY_LEFT
[23:31:58]-[RadioInterface]-[ERROR]: 5
[23:31:58]-[RadioInterface]-[ERROR]: KEY_LEFT
[23:31:58]-[RadioInterface]-[ERROR]: 4
[23:31:58]-[RadioInterface]-[ERROR]: KEY_LEFT
[23:31:58]-[RadioInterface]-[ERROR]: 3
[23:31:58]-[RadioInterface]-[ERROR]: KEY_LEFT
[23:31:58]-[RadioInterface]-[ERROR]: 2
[23:31:58]-[RadioInterface]-[ERROR]: KEY_LEFT
[23:31:58]-[RadioInterface]-[ERROR]: 1
[23:31:59]-[RadioInterface]-[ERROR]: KEY_RIGHT
[23:31:59]-[RadioInterface]-[ERROR]: 2
[23:32:00]-[RadioInterface]-[ERROR]: KEY_LEFT
[23:32:00]-[RadioInterface]-[ERROR]: 1
[23:32:00]-[RadioInterface]-[ERROR]: KEY_RIGHT
[23:32:00]-[RadioInterface]-[ERROR]: 2
[23:42:42]-[RadioInterface]-[ERROR]: KEY_RESIZE
[23:42:46]-[RadioInterface]-[ERROR]: KEY_UP
[23:42:47]-[RadioInterface]-[ERROR]: KEY_DOWN
[23:42:47]-[RadioInterface]-[ERROR]: KEY_DOWN
[23:42:48]-[RadioInterface]-[ERROR]: KEY_LEFT
[23:42:48]-[RadioInterface]-[ERROR]: 1
[23:42:51]-[RadioInterface]-[ERROR]: +
[23:42:51]-[RadioInterface]-[ERROR]: -
[23:42:52]-[RadioInterface]-[ERROR]: -
[23:42:52]-[RadioInterface]-[ERROR]: -
[23:42:52]-[RadioInterface]-[ERROR]: -
[23:42:52]-[RadioInterface]-[ERROR]: +
[23:42:52]-[RadioInterface]-[ERROR]: +
[23:42:53]-[RadioInterface]-[ERROR]: +
[23:42:53]-[RadioInterface]-[ERROR]: KEY_RIGHT
[23:42:53]-[RadioInterface]-[ERROR]: 2
[23:42:53]-[RadioInterface]-[ERROR]: KEY_LEFT
[23:42:53]-[RadioInterface]-[ERROR]: 1
[23:42:54]-[RadioInterface]-[ERROR]: KEY_RIGHT
[23:42:54]-[RadioInterface]-[ERROR]: 2
[23:42:54]-[RadioInterface]-[ERROR]: KEY_LEFT
[23:42:54]-[RadioInterface]-[ERROR]: 1
[23:42:54]-[RadioInterface]-[ERROR]: KEY_RIGHT
[23:42:54]-[RadioInterface]-[ERROR]: 2
[23:42:54]-[RadioInterface]-[ERROR]: KEY_LEFT
[23:42:54]-[RadioInterface]-[ERROR]: 1
[23:42:56]-[RadioInterface]-[ERROR]: +
[23:42:56]-[RadioInterface]-[ERROR]: -
[23:42:57]-[RadioInterface]-[ERROR]: -
[23:42:57]-[RadioInterface]-[ERROR]: -
[23:42:57]-[RadioInterface]-[ERROR]: -
[23:42:57]-[RadioInterface]-[ERROR]: -
[23:42:58]-[RadioInterface]-[ERROR]: -
[23:42:58]-[RadioInterface]-[ERROR]: -
[23:42:58]-[RadioInterface]-[ERROR]: +
[23:42:59]-[RadioInterface]-[ERROR]: +
[23:42:59]-[RadioInterface]-[ERROR]: +
[23:42:59]-[RadioInterface]-[ERROR]: +
[23:42:59]-[RadioInterface]-[ERROR]: +
[23:42:59]-[RadioInterface]-[ERROR]: +
[23:42:59]-[RadioInterface]-[ERROR]: +
[23:43:00]-[RadioInterface]-[ERROR]: +
[23:43:00]-[RadioInterface]-[ERROR]: +
[23:43:00]-[RadioInterface]-[ERROR]: +
[23:43:00]-[RadioInterface]-[ERROR]: -
[23:43:00]-[RadioInterface]-[ERROR]: -
[23:43:00]-[RadioInterface]-[ERROR]: -
[23:43:01]-[RadioInterface]-[ERROR]: -
[23:43:01]-[RadioInterface]-[ERROR]: -
[23:43:01]-[RadioInterface]-[ERROR]: +
[23:43:07]-[RadioInterface]-[ERROR]: KEY_F(1)
[23:43:12]-[RadioInterface]-[ERROR]: KEY_RESIZE
[23:43:12]-[RadioInterface]-[ERROR]: KEY_RESIZE
[23:43:12]-[RadioInterface]-[ERROR]: KEY_RESIZE
[23:43:12]-[RadioInterface]-[ERROR]: KEY_RESIZE
[23:43:12]-[RadioInterface]-[ERROR]: KEY_RESIZE
[23:43:12]-[RadioInterface]-[ERROR]: KEY_RESIZE
[23:43:13]-[RadioInterface]-[ERROR]: KEY_RESIZE
[23:43:13]-[RadioInterface]-[ERROR]: KEY_RESIZE
[23:43:13]-[RadioInterface]-[ERROR]: KEY_RESIZE
[23:43:17]-[RadioInterface]-[ERROR]: q
[08:03:20]-[RadioInterface]-[ERROR]: KEY_RESIZE
[08:03:25]-[RadioInterface]-[ERROR]: KEY_RESIZE
[08:03:37]-[RadioInterface]-[ERROR]: KEY_RESIZE
[08:46:22]-[RadioInterface]-[ERROR]: Failed to set nowplaying to A:Galaxy 80 S:Infinite Mirrors [feat. Decisive Koala]
[08:57:06]-[RadioInterface]-[ERROR]: KEY_RESIZE
[08:57:38]-[RadioInterface]-[ERROR]: KEY_RESIZE
[08:57:46]-[RadioInterface]-[ERROR]: q
[08:57:53]-[RadioInterface]-[ERROR]: KEY_DOWN
[08:57:54]-[RadioInterface]-[ERROR]: KEY_RIGHT
[08:57:55]-[RadioInterface]-[ERROR]: KEY_LEFT
[08:57:56]-[RadioInterface]-[ERROR]: KEY_RIGHT
[08:57:56]-[RadioInterface]-[ERROR]: KEY_LEFT
[08:57:57]-[RadioInterface]-[ERROR]: KEY_LEFT
[08:57:58]-[RadioInterface]-[ERROR]: KEY_RIGHT
[08:57:59]-[RadioInterface]-[ERROR]: +
[08:57:59]-[RadioInterface]-[ERROR]: -
[08:58:21]-[RadioInterface]-[ERROR]: q
[08:58:42]-[RadioInterface]-[ERROR]: KEY_RESIZE
[08:58:42]-[RadioInterface]-[ERROR]: KEY_RESIZE
[08:58:43]-[RadioInterface]-[ERROR]: KEY_RESIZE
[08:58:43]-[RadioInterface]-[ERROR]: KEY_RESIZE
[08:58:43]-[RadioInterface]-[ERROR]: KEY_RESIZE
[08:58:43]-[RadioInterface]-[ERROR]: KEY_RESIZE
[08:58:43]-[RadioInterface]-[ERROR]: KEY_RESIZE
[08:58:43]-[RadioInterface]-[ERROR]: KEY_RESIZE
[08:58:43]-[RadioInterface]-[ERROR]: KEY_RESIZE
[08:58:44]-[RadioInterface]-[ERROR]: KEY_RESIZE
[08:58:44]-[RadioInterface]-[ERROR]: KEY_RESIZE
[08:58:45]-[RadioInterface]-[ERROR]: KEY_RESIZE
[08:58:45]-[RadioInterface]-[ERROR]: KEY_RESIZE
[08:58:45]-[RadioInterface]-[ERROR]: KEY_RESIZE
[09:45:28]-[RadioInterface]-[ERROR]: KEY_LEFT
[09:45:29]-[RadioInterface]-[ERROR]: KEY_RIGHT
[09:45:31]-[RadioInterface]-[ERROR]: +
[09:45:31]-[RadioInterface]-[ERROR]: -
[11:07:05]-[RadioInterface]-[ERROR]: Failed to set nowplaying to A:NØVMBR S:Lost Episode (feat. Decisive Koala)
[11:45:00]-[RadioInterface]-[ERROR]: Failed to set nowplaying to A:Walking Digit S:Falling Edit (feat. c u b e キューブ - Bonus Track)
[11:45:00]-[RGB1602]-[ERROR]: Could not encode: キ
[11:45:00]-[RGB1602]-[ERROR]: Could not encode: ュ
[11:45:00]-[RGB1602]-[ERROR]: Could not encode: ー
[11:45:00]-[RGB1602]-[ERROR]: Could not encode: ブ
[11:47:15]-[RadioInterface]-[ERROR]: KEY_RESIZE
[11:47:15]-[RadioInterface]-[ERROR]: KEY_RESIZE
[12:01:21]-[RadioInterface]-[ERROR]: Failed to set nowplaying to A:Walking Digit S:Aurora Blues Ambient Edit (Bonus Track)
